
Erros:
C:\Users\Renan de Sousa\AppData\Local\Programs\Python\Python313\Lib\site-packages\_pytest\config\__init__.py:328: PluggyTeardownRaisedWarning: A plugin raised an exception during an old-style hookwrapper teardown.
Plugin: helpconfig, Hook: pytest_cmdline_parse
ConftestImportFailure: AssertionError: Class <class 'sqlalchemy.sql.elements.SQLCoreOperations'> directly inherits TypingOnly but has additional attributes {'__firstlineno__', '__static_attributes__'}. (from D:\Projetos Python\AgenteSuporteWhatsapp\tests\conftest.py)
For more information see https://pluggy.readthedocs.io/en/stable/api_reference.html#pluggy.PluggyTeardownRaisedWarning
  config = pluginmanager.hook.pytest_cmdline_parse(
ImportError while loading conftest 'D:\Projetos Python\AgenteSuporteWhatsapp\tests\conftest.py'.
tests\conftest.py:18: in <module>
    from sqlalchemy import create_engine
C:\Users\Renan de Sousa\AppData\Local\Programs\Python\Python313\Lib\site-packages\sqlalchemy\__init__.py:13: in <module>
    from .engine import AdaptedConnection as AdaptedConnection
C:\Users\Renan de Sousa\AppData\Local\Programs\Python\Python313\Lib\site-packages\sqlalchemy\engine\__init__.py:18: in <module>
    from . import events as events
C:\Users\Renan de Sousa\AppData\Local\Programs\Python\Python313\Lib\site-packages\sqlalchemy\engine\events.py:19: in <module>
    from .base import Connection
C:\Users\Renan de Sousa\AppData\Local\Programs\Python\Python313\Lib\site-packages\sqlalchemy\engine\base.py:30: in <module>
    from .interfaces import BindTyping
C:\Users\Renan de Sousa\AppData\Local\Programs\Python\Python313\Lib\site-packages\sqlalchemy\engine\interfaces.py:38: in <module>
    from ..sql.compiler import Compiled as Compiled
C:\Users\Renan de Sousa\AppData\Local\Programs\Python\Python313\Lib\site-packages\sqlalchemy\sql\__init__.py:14: in <module>
    from .compiler import COLLECT_CARTESIAN_PRODUCTS as COLLECT_CARTESIAN_PRODUCTS
C:\Users\Renan de Sousa\AppData\Local\Programs\Python\Python313\Lib\site-packages\sqlalchemy\sql\compiler.py:61: in <module>
    from . import crud
C:\Users\Renan de Sousa\AppData\Local\Programs\Python\Python313\Lib\site-packages\sqlalchemy\sql\crud.py:34: in <module>
    from . import dml
C:\Users\Renan de Sousa\AppData\Local\Programs\Python\Python313\Lib\site-packages\sqlalchemy\sql\dml.py:34: in <module>
    from . import util as sql_util
C:\Users\Renan de Sousa\AppData\Local\Programs\Python\Python313\Lib\site-packages\sqlalchemy\sql\util.py:46: in <module>
    from .ddl import sort_tables as sort_tables  # noqa: F401
C:\Users\Renan de Sousa\AppData\Local\Programs\Python\Python313\Lib\site-packages\sqlalchemy\sql\ddl.py:30: in <module>
    from .elements import ClauseElement
C:\Users\Renan de Sousa\AppData\Local\Programs\Python\Python313\Lib\site-packages\sqlalchemy\sql\elements.py:810: in <module>
    class SQLCoreOperations(Generic[_T_co], ColumnOperators, TypingOnly):
C:\Users\Renan de Sousa\AppData\Local\Programs\Python\Python313\Lib\typing.py:1257: in _generic_init_subclass
    super(Generic, cls).__init_subclass__(*args, **kwargs)
C:\Users\Renan de Sousa\AppData\Local\Programs\Python\Python313\Lib\site-packages\sqlalchemy\util\langhelpers.py:1988: in __init_subclass__
    raise AssertionError(
E   AssertionError: Class <class 'sqlalchemy.sql.elements.SQLCoreOperations'> directly inherits TypingOnly but has additional attributes {'__firstlineno__', '__static_attributes__'}.
